<?xml version="1.0" encoding="UTF-8"?>
<testsuite name="SILab2Test" tests="2" skipped="0" failures="0" errors="0" timestamp="2022-06-03T16:32:35" hostname="DESKTOP-D74JNAC" time="0.119">
  <properties/>
  <testcase name="EveryStatementBrnachTest()" classname="SILab2Test" time="0.096"/>
  <testcase name="function()" classname="SILab2Test" time="0.022"/>
  <system-out><![CDATA[]]></system-out>
  <system-err><![CDATA[]]></system-err>
</testsuite>
